<?xml version="1.0" encoding="UTF-8"?>
<robot generator="Robot 6.0.2 (Python 3.10.2 on win32)" generated="20230302 10:45:30.186" rpa="false" schemaversion="3">
<suite id="s1" name="RobotFramework" source="C:\Users\12011\PycharmProjects\RobotFramework">
<suite id="s1-s1" name="Tests" source="C:\Users\12011\PycharmProjects\RobotFramework\tests">
<suite id="s1-s1-s1" name="Testdemo3" source="C:\Users\12011\PycharmProjects\RobotFramework\tests\testdemo3.robot">
<test id="s1-s1-s1-t1" name="Validate UnSuccessful Login" line="14">
<kw name="open the browser with the mortagage payment URL" type="SETUP">
<msg timestamp="20230302 10:45:30.744" level="FAIL">No keyword with name 'open the browser with the mortagage payment URL' found.</msg>
<status status="FAIL" starttime="20230302 10:45:30.743" endtime="20230302 10:45:30.745"/>
</kw>
<kw name="Close browser session" type="TEARDOWN">
<msg timestamp="20230302 10:45:30.752" level="FAIL">No keyword with name 'Close browser session' found. Did you try using keyword 'SeleniumLibrary.Close Browser' and forgot to use enough whitespace between keyword and arguments?</msg>
<status status="FAIL" starttime="20230302 10:45:30.751" endtime="20230302 10:45:30.752">No keyword with name 'Close browser session' found. Did you try using keyword 'SeleniumLibrary.Close Browser' and forgot to use enough whitespace between keyword and arguments?</status>
</kw>
<status status="FAIL" starttime="20230302 10:45:30.735" endtime="20230302 10:45:30.753">Setup failed:
No keyword with name 'open the browser with the mortagage payment URL' found.

Also teardown failed:
No keyword with name 'Close browser session' found. Did you try using keyword 'SeleniumLibrary.Close Browser' and forgot to use enough whitespace between keyword and arguments?</status>
</test>
<doc>To validate the login form</doc>
<status status="FAIL" starttime="20230302 10:45:30.255" endtime="20230302 10:45:30.754"/>
</suite>
<status status="FAIL" starttime="20230302 10:45:30.250" endtime="20230302 10:45:30.756"/>
</suite>
<status status="FAIL" starttime="20230302 10:45:30.213" endtime="20230302 10:45:30.761"/>
</suite>
<statistics>
<total>
<stat pass="0" fail="1" skip="0">All Tests</stat>
</total>
<tag>
</tag>
<suite>
<stat pass="0" fail="1" skip="0" id="s1" name="RobotFramework">RobotFramework</stat>
<stat pass="0" fail="1" skip="0" id="s1-s1" name="Tests">RobotFramework.Tests</stat>
<stat pass="0" fail="1" skip="0" id="s1-s1-s1" name="Testdemo3">RobotFramework.Tests.Testdemo3</stat>
</suite>
</statistics>
<errors>
<msg timestamp="20230302 10:45:30.733" level="ERROR">Error in file 'C:\Users\12011\PycharmProjects\RobotFramework\tests\testdemo3.robot' on line 7: Resource file 'resource.robot' does not exist.</msg>
</errors>
</robot>
