<?xml version="1.0" encoding="UTF-8"?>
<robot generator="Robot 6.0.2 (Python 3.10.2 on win32)" generated="20230302 10:45:30.188" rpa="false" schemaversion="3">
<suite id="s1" name="RobotFramework" source="C:\Users\12011\PycharmProjects\RobotFramework">
<suite id="s1-s1" name="Tests" source="C:\Users\12011\PycharmProjects\RobotFramework\tests">
<suite id="s1-s1-s1" name="testDemo6" source="C:\Users\12011\PycharmProjects\RobotFramework\tests\testDemo6.robot">
<test id="s1-s1-s1-t1" name="Validate UnSuccesful Login" line="23">
<kw name="open the browser with the url" library="Generic" type="SETUP">
<kw name="Create Webdriver" library="SeleniumLibrary">
<arg>${browser_name}</arg>
<arg>executable_path=C:\\Sandeep_Python\\chromedriver_win32\\chromedriver.exe</arg>
<doc>Creates an instance of Selenium WebDriver.</doc>
<msg timestamp="20230302 10:45:30.819" level="INFO">Creating an instance of the Chrome WebDriver.</msg>
<status status="PASS" starttime="20230302 10:45:30.817" endtime="20230302 10:45:34.803"/>
</kw>
<kw name="Go To" library="SeleniumLibrary">
<arg>${url}</arg>
<doc>Navigates the current browser window to the provided ``url``.</doc>
<msg timestamp="20230302 10:45:34.804" level="INFO">Opening url 'https://rahulshettyacademy.com/loginpagePractise/'</msg>
<status status="PASS" starttime="20230302 10:45:34.804" endtime="20230302 10:45:36.431"/>
</kw>
<status status="PASS" starttime="20230302 10:45:30.816" endtime="20230302 10:45:36.434"/>
</kw>
<kw name="Fill the login Form" library="LandingPage">
<arg>${user_name}</arg>
<arg>${invalid_password}</arg>
<kw name="Input Text" library="SeleniumLibrary">
<arg>id:username</arg>
<arg>${username}</arg>
<doc>Types the given ``text`` into the text field identified by ``locator``.</doc>
<msg timestamp="20230302 10:45:36.438" level="INFO">Typing text 'rahulshettyacademy' into text field 'id:username'.</msg>
<status status="PASS" starttime="20230302 10:45:36.437" endtime="20230302 10:45:37.318"/>
</kw>
<kw name="Input Password" library="SeleniumLibrary">
<arg>id:password</arg>
<arg>${password}</arg>
<doc>Types the given password into the text field identified by ``locator``.</doc>
<msg timestamp="20230302 10:45:37.322" level="INFO">Typing password into text field 'id:password'.</msg>
<msg timestamp="20230302 10:45:37.499" level="INFO">Temporally setting log level to: NONE</msg>
<msg timestamp="20230302 10:45:37.703" level="INFO">Log level changed from NONE to INFO.</msg>
<status status="PASS" starttime="20230302 10:45:37.320" endtime="20230302 10:45:37.704"/>
</kw>
<kw name="Click Button" library="SeleniumLibrary">
<arg>signInBtn</arg>
<doc>Clicks the button identified by ``locator``.</doc>
<msg timestamp="20230302 10:45:37.707" level="INFO">Clicking button 'signInBtn'.</msg>
<status status="PASS" starttime="20230302 10:45:37.705" endtime="20230302 10:45:37.953"/>
</kw>
<status status="PASS" starttime="20230302 10:45:36.435" endtime="20230302 10:45:37.954"/>
</kw>
<kw name="wait until Element is located in the page" library="LandingPage">
<kw name="Wait Until element passed is located on Page" library="Generic">
<arg>${Error_Message_Login}</arg>
<kw name="Wait Until Element Is Visible" library="SeleniumLibrary">
<arg>${page_locator}</arg>
<arg>timeout=10</arg>
<doc>Waits until the element ``locator`` is visible.</doc>
<status status="PASS" starttime="20230302 10:45:37.961" endtime="20230302 10:45:40.047"/>
</kw>
<status status="PASS" starttime="20230302 10:45:37.957" endtime="20230302 10:45:40.049"/>
</kw>
<status status="PASS" starttime="20230302 10:45:37.955" endtime="20230302 10:45:40.050"/>
</kw>
<kw name="verify error message is correct" library="LandingPage">
<kw name="Get Text" library="SeleniumLibrary">
<var>${result}</var>
<arg>${Error_Message_Login}</arg>
<doc>Returns the text value of the element identified by ``locator``.</doc>
<msg timestamp="20230302 10:45:40.255" level="INFO">${result} = Incorrect username/password.</msg>
<status status="PASS" starttime="20230302 10:45:40.056" endtime="20230302 10:45:40.255"/>
</kw>
<kw name="Should Be Equal As Strings" library="BuiltIn">
<arg>${result}</arg>
<arg>Incorrect username/password.</arg>
<doc>Fails if objects are unequal after converting them to strings.</doc>
<status status="PASS" starttime="20230302 10:45:40.255" endtime="20230302 10:45:40.257"/>
</kw>
<kw name="Element Text Should Be" library="SeleniumLibrary">
<arg>${Error_Message_Login}</arg>
<arg>Incorrect username/password.</arg>
<doc>Verifies that element ``locator`` contains exact the text ``expected``.</doc>
<msg timestamp="20230302 10:45:40.263" level="INFO">Verifying element 'css:.alert-danger' contains exact text 'Incorrect username/password.'.</msg>
<status status="PASS" starttime="20230302 10:45:40.258" endtime="20230302 10:45:40.322"/>
</kw>
<status status="PASS" starttime="20230302 10:45:40.051" endtime="20230302 10:45:40.323"/>
</kw>
<kw name="Close Browser session" library="Generic" type="TEARDOWN">
<kw name="Close Browser" library="SeleniumLibrary">
<doc>Closes the current browser.</doc>
<status status="PASS" starttime="20230302 10:45:40.324" endtime="20230302 10:45:43.547"/>
</kw>
<status status="PASS" starttime="20230302 10:45:40.323" endtime="20230302 10:45:43.549"/>
</kw>
<status status="PASS" starttime="20230302 10:45:30.813" endtime="20230302 10:45:43.549"/>
</test>
<test id="s1-s1-s1-t2" name="End to end ecommerce Product validation" line="29">
<kw name="open the browser with the url" library="Generic" type="SETUP">
<kw name="Create Webdriver" library="SeleniumLibrary">
<arg>${browser_name}</arg>
<arg>executable_path=C:\\Sandeep_Python\\chromedriver_win32\\chromedriver.exe</arg>
<doc>Creates an instance of Selenium WebDriver.</doc>
<msg timestamp="20230302 10:45:43.551" level="INFO">Creating an instance of the Chrome WebDriver.</msg>
<status status="PASS" starttime="20230302 10:45:43.551" endtime="20230302 10:45:47.230"/>
</kw>
<kw name="Go To" library="SeleniumLibrary">
<arg>${url}</arg>
<doc>Navigates the current browser window to the provided ``url``.</doc>
<msg timestamp="20230302 10:45:47.235" level="INFO">Opening url 'https://rahulshettyacademy.com/loginpagePractise/'</msg>
<status status="PASS" starttime="20230302 10:45:47.233" endtime="20230302 10:45:48.588"/>
</kw>
<status status="PASS" starttime="20230302 10:45:43.550" endtime="20230302 10:45:48.589"/>
</kw>
<kw name="Fill the login Form" library="LandingPage">
<arg>${user_name}</arg>
<arg>${valid_password}</arg>
<kw name="Input Text" library="SeleniumLibrary">
<arg>id:username</arg>
<arg>${username}</arg>
<doc>Types the given ``text`` into the text field identified by ``locator``.</doc>
<msg timestamp="20230302 10:45:48.601" level="INFO">Typing text 'rahulshettyacademy' into text field 'id:username'.</msg>
<status status="PASS" starttime="20230302 10:45:48.594" endtime="20230302 10:45:49.017"/>
</kw>
<kw name="Input Password" library="SeleniumLibrary">
<arg>id:password</arg>
<arg>${password}</arg>
<doc>Types the given password into the text field identified by ``locator``.</doc>
<msg timestamp="20230302 10:45:49.019" level="INFO">Typing password into text field 'id:password'.</msg>
<msg timestamp="20230302 10:45:49.272" level="INFO">Temporally setting log level to: NONE</msg>
<msg timestamp="20230302 10:45:49.773" level="INFO">Log level changed from NONE to INFO.</msg>
<status status="PASS" starttime="20230302 10:45:49.018" endtime="20230302 10:45:49.779"/>
</kw>
<kw name="Click Button" library="SeleniumLibrary">
<arg>signInBtn</arg>
<doc>Clicks the button identified by ``locator``.</doc>
<msg timestamp="20230302 10:45:49.781" level="INFO">Clicking button 'signInBtn'.</msg>
<status status="PASS" starttime="20230302 10:45:49.780" endtime="20230302 10:45:50.138"/>
</kw>
<status status="PASS" starttime="20230302 10:45:48.589" endtime="20230302 10:45:50.138"/>
</kw>
<kw name="wait until Element is located in the page" library="ShopPage">
<kw name="Wait Until element passed is located on Page" library="Generic">
<arg>${Shop_page_load}</arg>
<kw name="Wait Until Element Is Visible" library="SeleniumLibrary">
<arg>${page_locator}</arg>
<arg>timeout=10</arg>
<doc>Waits until the element ``locator`` is visible.</doc>
<status status="PASS" starttime="20230302 10:45:50.141" endtime="20230302 10:45:53.723"/>
</kw>
<status status="PASS" starttime="20230302 10:45:50.140" endtime="20230302 10:45:53.726"/>
</kw>
<status status="PASS" starttime="20230302 10:45:50.139" endtime="20230302 10:45:53.729"/>
</kw>
<kw name="Verify Card titles in the Shop page" library="ShopPage">
<kw name="Create List" library="BuiltIn">
<var>@{expectedList}</var>
<arg>iphone X</arg>
<arg>Samsung Note 8</arg>
<arg>Nokia Edge</arg>
<arg>Blackberry</arg>
<doc>Returns a list containing given items.</doc>
<msg timestamp="20230302 10:45:53.734" level="INFO">@{expectedList} = [ iphone X | Samsung Note 8 | Nokia Edge | Blackberry ]</msg>
<status status="PASS" starttime="20230302 10:45:53.733" endtime="20230302 10:45:53.734"/>
</kw>
<kw name="Get WebElements" library="SeleniumLibrary">
<var>${elements}</var>
<arg>css:.card-title</arg>
<doc>Returns a list of WebElement objects matching the ``locator``.</doc>
<msg timestamp="20230302 10:45:53.932" level="INFO">${elements} = [&lt;selenium.webdriver.remote.webelement.WebElement (session="e5a61d017bf2eea42c12ad87445c9f84", element="045b1c0a-a623-444e-9d2f-b47cb6c99d66")&gt;, &lt;selenium.webdriver.remote.webelement.WebElement (sessi...</msg>
<status status="PASS" starttime="20230302 10:45:53.734" endtime="20230302 10:45:53.932"/>
</kw>
<kw name="Create List" library="BuiltIn">
<var>@{actualList}</var>
<doc>Returns a list containing given items.</doc>
<msg timestamp="20230302 10:45:53.933" level="INFO">@{actualList} = [ ]</msg>
<status status="PASS" starttime="20230302 10:45:53.932" endtime="20230302 10:45:53.933"/>
</kw>
<for flavor="IN">
<var>${element}</var>
<value>@{elements}</value>
<iter>
<var name="${element}">&lt;selenium.webdriver.remote.webelement.WebElement (session="e5a61d017bf2eea42c12ad87445c9f84", element="045b1c0a-a623-444e-9d2f-b47cb6c99d66")&gt;</var>
<kw name="Log" library="BuiltIn">
<arg>${element.text}</arg>
<doc>Logs the given message with the given level.</doc>
<msg timestamp="20230302 10:45:54.219" level="INFO">iphone X</msg>
<status status="PASS" starttime="20230302 10:45:53.935" endtime="20230302 10:45:54.219"/>
</kw>
<kw name="Append To List" library="Collections">
<arg>${actualList}</arg>
<arg>${element.text}</arg>
<doc>Adds ``values`` to the end of ``list``.</doc>
<status status="PASS" starttime="20230302 10:45:54.219" endtime="20230302 10:45:54.269"/>
</kw>
<status status="PASS" starttime="20230302 10:45:53.935" endtime="20230302 10:45:54.269"/>
</iter>
<iter>
<var name="${element}">&lt;selenium.webdriver.remote.webelement.WebElement (session="e5a61d017bf2eea42c12ad87445c9f84", element="d0ca90a6-3d9c-4b0a-8006-9851a4d1bf71")&gt;</var>
<kw name="Log" library="BuiltIn">
<arg>${element.text}</arg>
<doc>Logs the given message with the given level.</doc>
<msg timestamp="20230302 10:45:54.471" level="INFO">Samsung Note 8</msg>
<status status="PASS" starttime="20230302 10:45:54.270" endtime="20230302 10:45:54.471"/>
</kw>
<kw name="Append To List" library="Collections">
<arg>${actualList}</arg>
<arg>${element.text}</arg>
<doc>Adds ``values`` to the end of ``list``.</doc>
<status status="PASS" starttime="20230302 10:45:54.471" endtime="20230302 10:45:54.596"/>
</kw>
<status status="PASS" starttime="20230302 10:45:54.270" endtime="20230302 10:45:54.596"/>
</iter>
<iter>
<var name="${element}">&lt;selenium.webdriver.remote.webelement.WebElement (session="e5a61d017bf2eea42c12ad87445c9f84", element="10e88e98-01ea-49a0-8415-5f484c5bc45d")&gt;</var>
<kw name="Log" library="BuiltIn">
<arg>${element.text}</arg>
<doc>Logs the given message with the given level.</doc>
<msg timestamp="20230302 10:45:54.748" level="INFO">Nokia Edge</msg>
<status status="PASS" starttime="20230302 10:45:54.600" endtime="20230302 10:45:54.748"/>
</kw>
<kw name="Append To List" library="Collections">
<arg>${actualList}</arg>
<arg>${element.text}</arg>
<doc>Adds ``values`` to the end of ``list``.</doc>
<status status="PASS" starttime="20230302 10:45:54.748" endtime="20230302 10:45:54.788"/>
</kw>
<status status="PASS" starttime="20230302 10:45:54.597" endtime="20230302 10:45:54.788"/>
</iter>
<iter>
<var name="${element}">&lt;selenium.webdriver.remote.webelement.WebElement (session="e5a61d017bf2eea42c12ad87445c9f84", element="b62cb08a-06f1-4a07-a942-a482b6ee70c8")&gt;</var>
<kw name="Log" library="BuiltIn">
<arg>${element.text}</arg>
<doc>Logs the given message with the given level.</doc>
<msg timestamp="20230302 10:45:54.855" level="INFO">Blackberry</msg>
<status status="PASS" starttime="20230302 10:45:54.789" endtime="20230302 10:45:54.855"/>
</kw>
<kw name="Append To List" library="Collections">
<arg>${actualList}</arg>
<arg>${element.text}</arg>
<doc>Adds ``values`` to the end of ``list``.</doc>
<status status="PASS" starttime="20230302 10:45:54.856" endtime="20230302 10:45:54.951"/>
</kw>
<status status="PASS" starttime="20230302 10:45:54.789" endtime="20230302 10:45:54.951"/>
</iter>
<status status="PASS" starttime="20230302 10:45:53.934" endtime="20230302 10:45:54.952"/>
</for>
<kw name="Lists Should Be Equal" library="Collections">
<arg>${expectedList}</arg>
<arg>${actualList}</arg>
<doc>Fails if given lists are unequal.</doc>
<status status="PASS" starttime="20230302 10:45:54.952" endtime="20230302 10:45:54.953"/>
</kw>
<status status="PASS" starttime="20230302 10:45:53.731" endtime="20230302 10:45:54.954"/>
</kw>
<kw name="Add Items To Cart And Checkout" library="Shop">
<arg>${listofProducts}</arg>
<msg timestamp="20230302 10:45:55.056" level="INFO">Clicking button 'xpath:(//*[@class='card-footer'])[3]/button'.</msg>
<msg timestamp="20230302 10:45:55.635" level="INFO">Clicking button 'xpath:(//*[@class='card-footer'])[4]/button'.</msg>
<msg timestamp="20230302 10:45:55.898" level="INFO">Clicking link 'css:li.active a'.</msg>
<status status="PASS" starttime="20230302 10:45:54.954" endtime="20230302 10:45:56.373"/>
</kw>
<kw name="Verify items in the Checkout Page and proceed" library="CheckoutPage">
<kw name="Click Element" library="SeleniumLibrary">
<arg>css:.btn-success</arg>
<doc>Click the element identified by ``locator``.</doc>
<msg timestamp="20230302 10:45:56.390" level="INFO">Clicking element 'css:.btn-success'.</msg>
<status status="PASS" starttime="20230302 10:45:56.387" endtime="20230302 10:45:57.052"/>
</kw>
<status status="PASS" starttime="20230302 10:45:56.382" endtime="20230302 10:45:57.052"/>
</kw>
<kw name="Enter the Country and select the terms" library="ConfirmationPage">
<arg>${country_name}</arg>
<kw name="Input Text" library="SeleniumLibrary">
<arg>country</arg>
<arg>${country_name}</arg>
<doc>Types the given ``text`` into the text field identified by ``locator``.</doc>
<msg timestamp="20230302 10:45:57.056" level="INFO">Typing text 'India' into text field 'country'.</msg>
<status status="PASS" starttime="20230302 10:45:57.054" endtime="20230302 10:45:58.717"/>
</kw>
<kw name="Wait Until element passed is located on Page" library="Generic">
<arg>//a[text()='${country_name}']</arg>
<kw name="Wait Until Element Is Visible" library="SeleniumLibrary">
<arg>${page_locator}</arg>
<arg>timeout=10</arg>
<doc>Waits until the element ``locator`` is visible.</doc>
<status status="PASS" starttime="20230302 10:45:58.721" endtime="20230302 10:46:03.853"/>
</kw>
<status status="PASS" starttime="20230302 10:45:58.718" endtime="20230302 10:46:03.853"/>
</kw>
<kw name="Click Element" library="SeleniumLibrary">
<arg>//a[text()='${country_name}']</arg>
<doc>Click the element identified by ``locator``.</doc>
<msg timestamp="20230302 10:46:03.855" level="INFO">Clicking element '//a[text()='India']'.</msg>
<status status="PASS" starttime="20230302 10:46:03.854" endtime="20230302 10:46:03.962"/>
</kw>
<kw name="Sleep" library="BuiltIn">
<arg>4</arg>
<doc>Pauses the test executed for the given time.</doc>
<msg timestamp="20230302 10:46:07.977" level="INFO">Slept 4 seconds</msg>
<status status="PASS" starttime="20230302 10:46:03.964" endtime="20230302 10:46:07.982"/>
</kw>
<kw name="Click Element" library="SeleniumLibrary">
<arg>css:.checkbox label</arg>
<doc>Click the element identified by ``locator``.</doc>
<msg timestamp="20230302 10:46:07.986" level="INFO">Clicking element 'css:.checkbox label'.</msg>
<status status="PASS" starttime="20230302 10:46:07.983" endtime="20230302 10:46:08.123"/>
</kw>
<status status="PASS" starttime="20230302 10:45:57.053" endtime="20230302 10:46:08.123"/>
</kw>
<kw name="Purchase the Product and Confirm the Purchase" library="ConfirmationPage">
<kw name="Click Button" library="SeleniumLibrary">
<arg>css:.btn-success</arg>
<doc>Clicks the button identified by ``locator``.</doc>
<msg timestamp="20230302 10:46:08.134" level="INFO">Clicking button 'css:.btn-success'.</msg>
<status status="PASS" starttime="20230302 10:46:08.129" endtime="20230302 10:46:08.340"/>
</kw>
<kw name="Page Should Contain" library="SeleniumLibrary">
<arg>Success!</arg>
<doc>Verifies that current page contains ``text``.</doc>
<msg timestamp="20230302 10:46:08.495" level="INFO">Current page contains text 'Success!'.</msg>
<status status="PASS" starttime="20230302 10:46:08.348" endtime="20230302 10:46:08.496"/>
</kw>
<status status="PASS" starttime="20230302 10:46:08.124" endtime="20230302 10:46:08.498"/>
</kw>
<kw name="Close Browser session" library="Generic" type="TEARDOWN">
<kw name="Close Browser" library="SeleniumLibrary">
<doc>Closes the current browser.</doc>
<status status="PASS" starttime="20230302 10:46:08.503" endtime="20230302 10:46:11.320"/>
</kw>
<status status="PASS" starttime="20230302 10:46:08.500" endtime="20230302 10:46:11.321"/>
</kw>
<status status="PASS" starttime="20230302 10:45:43.550" endtime="20230302 10:46:11.321"/>
</test>
<test id="s1-s1-s1-t3" name="Select the Form and navigate to Child window" line="41">
<kw name="open the browser with the url" library="Generic" type="SETUP">
<kw name="Create Webdriver" library="SeleniumLibrary">
<arg>${browser_name}</arg>
<arg>executable_path=C:\\Sandeep_Python\\chromedriver_win32\\chromedriver.exe</arg>
<doc>Creates an instance of Selenium WebDriver.</doc>
<msg timestamp="20230302 10:46:11.324" level="INFO">Creating an instance of the Chrome WebDriver.</msg>
<status status="PASS" starttime="20230302 10:46:11.323" endtime="20230302 10:46:13.301"/>
</kw>
<kw name="Go To" library="SeleniumLibrary">
<arg>${url}</arg>
<doc>Navigates the current browser window to the provided ``url``.</doc>
<msg timestamp="20230302 10:46:13.303" level="INFO">Opening url 'https://rahulshettyacademy.com/loginpagePractise/'</msg>
<status status="PASS" starttime="20230302 10:46:13.302" endtime="20230302 10:46:14.423"/>
</kw>
<status status="PASS" starttime="20230302 10:46:11.322" endtime="20230302 10:46:14.424"/>
</kw>
<kw name="Fill the Login Details and Login Form" library="LandingPage">
<kw name="Input Text" library="SeleniumLibrary">
<arg>id:username</arg>
<arg>rahulshettyacademy</arg>
<doc>Types the given ``text`` into the text field identified by ``locator``.</doc>
<msg timestamp="20230302 10:46:14.435" level="INFO">Typing text 'rahulshettyacademy' into text field 'id:username'.</msg>
<status status="PASS" starttime="20230302 10:46:14.431" endtime="20230302 10:46:14.667"/>
</kw>
<kw name="Input Password" library="SeleniumLibrary">
<arg>id:password</arg>
<arg>learning</arg>
<doc>Types the given password into the text field identified by ``locator``.</doc>
<msg timestamp="20230302 10:46:14.669" level="INFO">Typing password into text field 'id:password'.</msg>
<msg timestamp="20230302 10:46:14.837" level="INFO">Temporally setting log level to: NONE</msg>
<msg timestamp="20230302 10:46:14.943" level="INFO">Log level changed from NONE to INFO.</msg>
<status status="PASS" starttime="20230302 10:46:14.667" endtime="20230302 10:46:14.946"/>
</kw>
<kw name="Click Element" library="SeleniumLibrary">
<arg>css:input[value='user']</arg>
<doc>Click the element identified by ``locator``.</doc>
<msg timestamp="20230302 10:46:14.952" level="INFO">Clicking element 'css:input[value='user']'.</msg>
<status status="PASS" starttime="20230302 10:46:14.948" endtime="20230302 10:46:15.086"/>
</kw>
<kw name="Wait Until Element Is Visible" library="SeleniumLibrary">
<arg>css:.modal-body</arg>
<doc>Waits until the element ``locator`` is visible.</doc>
<status status="PASS" starttime="20230302 10:46:15.086" endtime="20230302 10:46:15.423"/>
</kw>
<kw name="Click Button" library="SeleniumLibrary">
<arg>id:okayBtn</arg>
<doc>Clicks the button identified by ``locator``.</doc>
<msg timestamp="20230302 10:46:15.426" level="INFO">Clicking button 'id:okayBtn'.</msg>
<status status="PASS" starttime="20230302 10:46:15.423" endtime="20230302 10:46:15.552"/>
</kw>
<kw name="Click Button" library="SeleniumLibrary">
<arg>id:okayBtn</arg>
<doc>Clicks the button identified by ``locator``.</doc>
<msg timestamp="20230302 10:46:15.554" level="INFO">Clicking button 'id:okayBtn'.</msg>
<status status="PASS" starttime="20230302 10:46:15.552" endtime="20230302 10:46:15.706"/>
</kw>
<kw name="Wait Until Element Is Not Visible" library="SeleniumLibrary">
<arg>css:.modal-body</arg>
<doc>Waits until the element ``locator`` is not visible.</doc>
<status status="PASS" starttime="20230302 10:46:15.706" endtime="20230302 10:46:15.755"/>
</kw>
<kw name="Select From List By Value" library="SeleniumLibrary">
<arg>css:select.form-control</arg>
<arg>teach</arg>
<doc>Selects options from selection list ``locator`` by ``values``.</doc>
<msg timestamp="20230302 10:46:15.759" level="INFO">Selecting options from selection list 'css:select.form-control' by value teach.</msg>
<status status="PASS" starttime="20230302 10:46:15.756" endtime="20230302 10:46:15.938"/>
</kw>
<kw name="Select Checkbox" library="SeleniumLibrary">
<arg>terms</arg>
<doc>Selects the checkbox identified by ``locator``.</doc>
<msg timestamp="20230302 10:46:15.939" level="INFO">Selecting checkbox 'terms'.</msg>
<status status="PASS" starttime="20230302 10:46:15.938" endtime="20230302 10:46:16.177"/>
</kw>
<kw name="Checkbox Should Be Selected" library="SeleniumLibrary">
<arg>terms</arg>
<doc>Verifies checkbox ``locator`` is selected/checked.</doc>
<msg timestamp="20230302 10:46:16.183" level="INFO">Verifying checkbox 'terms' is selected.</msg>
<status status="PASS" starttime="20230302 10:46:16.179" endtime="20230302 10:46:16.238"/>
</kw>
<status status="PASS" starttime="20230302 10:46:14.427" endtime="20230302 10:46:16.238"/>
</kw>
<kw name="Close Browser session" library="Generic" type="TEARDOWN">
<kw name="Close Browser" library="SeleniumLibrary">
<doc>Closes the current browser.</doc>
<status status="PASS" starttime="20230302 10:46:16.239" endtime="20230302 10:46:18.966"/>
</kw>
<status status="PASS" starttime="20230302 10:46:16.238" endtime="20230302 10:46:18.967"/>
</kw>
<status status="PASS" starttime="20230302 10:46:11.322" endtime="20230302 10:46:18.968"/>
</test>
<doc>To validate the Login form</doc>
<status status="PASS" starttime="20230302 10:45:30.262" endtime="20230302 10:46:18.970"/>
</suite>
<status status="PASS" starttime="20230302 10:45:30.255" endtime="20230302 10:46:18.974"/>
</suite>
<status status="PASS" starttime="20230302 10:45:30.217" endtime="20230302 10:46:18.976"/>
</suite>
<statistics>
<total>
<stat pass="3" fail="0" skip="0">All Tests</stat>
</total>
<tag>
</tag>
<suite>
<stat pass="3" fail="0" skip="0" id="s1" name="RobotFramework">RobotFramework</stat>
<stat pass="3" fail="0" skip="0" id="s1-s1" name="Tests">RobotFramework.Tests</stat>
<stat pass="3" fail="0" skip="0" id="s1-s1-s1" name="testDemo6">RobotFramework.Tests.testDemo6</stat>
</suite>
</statistics>
<errors>
</errors>
</robot>
