<?xml version="1.0" encoding="UTF-8"?>
<robot generator="Robot 6.0.2 (Python 3.10.2 on win32)" generated="20230302 10:45:30.179" rpa="false" schemaversion="3">
<suite id="s1" name="RobotFramework" source="C:\Users\12011\PycharmProjects\RobotFramework">
<suite id="s1-s1" name="Tests" source="C:\Users\12011\PycharmProjects\RobotFramework\tests">
<suite id="s1-s1-s1" name="Testdemo2" source="C:\Users\12011\PycharmProjects\RobotFramework\tests\testdemo2.robot">
<test id="s1-s1-s1-t1" name="Validate UnSuccessful Login" line="12">
<kw name="open the browser with the mortagage payment URL">
<kw name="Create Webdriver" library="SeleniumLibrary">
<arg>Chrome</arg>
<arg>executable_path=C:\\Sandeep_Python\\chromedriver_win32\\chromedriver.exe</arg>
<doc>Creates an instance of Selenium WebDriver.</doc>
<msg timestamp="20230302 10:45:30.729" level="INFO">Creating an instance of the Chrome WebDriver.</msg>
<status status="PASS" starttime="20230302 10:45:30.728" endtime="20230302 10:45:33.303"/>
</kw>
<kw name="Go To" library="SeleniumLibrary">
<arg>https://rahulshettyacademy.com/loginpagePractise/</arg>
<doc>Navigates the current browser window to the provided ``url``.</doc>
<msg timestamp="20230302 10:45:33.305" level="INFO">Opening url 'https://rahulshettyacademy.com/loginpagePractise/'</msg>
<status status="PASS" starttime="20230302 10:45:33.304" endtime="20230302 10:45:34.819"/>
</kw>
<kw name="Maximize Browser Window" library="SeleniumLibrary">
<doc>Maximizes current browser window.</doc>
<status status="PASS" starttime="20230302 10:45:34.819" endtime="20230302 10:45:35.437"/>
</kw>
<status status="PASS" starttime="20230302 10:45:30.727" endtime="20230302 10:45:35.437"/>
</kw>
<kw name="Fill the login form">
<kw name="Input Text" library="SeleniumLibrary">
<arg>xpath://input[@id='username']</arg>
<arg>sandeepbirari</arg>
<doc>Types the given ``text`` into the text field identified by ``locator``.</doc>
<msg timestamp="20230302 10:45:35.447" level="INFO">Typing text 'sandeepbirari' into text field 'xpath://input[@id='username']'.</msg>
<status status="PASS" starttime="20230302 10:45:35.439" endtime="20230302 10:45:36.356"/>
</kw>
<kw name="Input Password" library="SeleniumLibrary">
<arg>xpath://input[@id='password']</arg>
<arg>Sandy@123</arg>
<doc>Types the given password into the text field identified by ``locator``.</doc>
<msg timestamp="20230302 10:45:36.364" level="INFO">Typing password into text field 'xpath://input[@id='password']'.</msg>
<msg timestamp="20230302 10:45:36.552" level="INFO">Temporally setting log level to: NONE</msg>
<msg timestamp="20230302 10:45:37.053" level="INFO">Log level changed from NONE to INFO.</msg>
<status status="PASS" starttime="20230302 10:45:36.357" endtime="20230302 10:45:37.054"/>
</kw>
<kw name="Click Button" library="SeleniumLibrary">
<arg>xpath://input[@type='submit']</arg>
<doc>Clicks the button identified by ``locator``.</doc>
<msg timestamp="20230302 10:45:37.056" level="INFO">Clicking button 'xpath://input[@type='submit']'.</msg>
<status status="PASS" starttime="20230302 10:45:37.054" endtime="20230302 10:45:37.407"/>
</kw>
<status status="PASS" starttime="20230302 10:45:35.438" endtime="20230302 10:45:37.408"/>
</kw>
<kw name="wait until it checks and display display error message">
<kw name="Wait Until Element Is Visible" library="SeleniumLibrary">
<arg>${Error_message_login}</arg>
<doc>Waits until the element ``locator`` is visible.</doc>
<status status="PASS" starttime="20230302 10:45:37.412" endtime="20230302 10:45:39.456"/>
</kw>
<status status="PASS" starttime="20230302 10:45:37.409" endtime="20230302 10:45:39.459"/>
</kw>
<kw name="verify error message is correct">
<kw name="Element Text Should Be" library="SeleniumLibrary">
<arg>${Error_message_login}</arg>
<arg>Incorrect username/password.</arg>
<doc>Verifies that element ``locator`` contains exact the text ``expected``.</doc>
<msg timestamp="20230302 10:45:39.471" level="INFO">Verifying element 'css:.alert-danger' contains exact text 'Incorrect username/password.'.</msg>
<status status="PASS" starttime="20230302 10:45:39.464" endtime="20230302 10:45:39.673"/>
</kw>
<kw name="Sleep" library="BuiltIn">
<arg>10</arg>
<doc>Pauses the test executed for the given time.</doc>
<msg timestamp="20230302 10:45:49.713" level="INFO">Slept 10 seconds</msg>
<status status="PASS" starttime="20230302 10:45:39.673" endtime="20230302 10:45:49.720"/>
</kw>
<status status="PASS" starttime="20230302 10:45:39.460" endtime="20230302 10:45:49.721"/>
</kw>
<kw name="Close Browser" library="SeleniumLibrary" type="TEARDOWN">
<doc>Closes the current browser.</doc>
<status status="PASS" starttime="20230302 10:45:49.722" endtime="20230302 10:45:54.798"/>
</kw>
<status status="PASS" starttime="20230302 10:45:30.723" endtime="20230302 10:45:54.798"/>
</test>
<doc>To validate the login form</doc>
<status status="PASS" starttime="20230302 10:45:30.245" endtime="20230302 10:45:54.800"/>
</suite>
<status status="PASS" starttime="20230302 10:45:30.239" endtime="20230302 10:45:54.802"/>
</suite>
<status status="PASS" starttime="20230302 10:45:30.199" endtime="20230302 10:45:54.803"/>
</suite>
<statistics>
<total>
<stat pass="1" fail="0" skip="0">All Tests</stat>
</total>
<tag>
</tag>
<suite>
<stat pass="1" fail="0" skip="0" id="s1" name="RobotFramework">RobotFramework</stat>
<stat pass="1" fail="0" skip="0" id="s1-s1" name="Tests">RobotFramework.Tests</stat>
<stat pass="1" fail="0" skip="0" id="s1-s1-s1" name="Testdemo2">RobotFramework.Tests.Testdemo2</stat>
</suite>
</statistics>
<errors>
</errors>
</robot>
